<?xml version="1.0" encoding="UTF-8"?>
<!-- Generated by org.testng.reporters.JUnitXMLReporter -->
<testsuite hostname="Ganeshs-MacBook-Pro.local" failures="1" tests="5" name="Login" time="27.822" errors="0" timestamp="22 Nov 2023 05:32:20 GMT">
  <testcase classname="com.testng.tests.SalesforceLoginTest" name="loginerrormsg" time="1.408"/>
  <testcase classname="com.testng.tests.SalesforceLoginTest" name="loginvalid" time="2.949"/>
  <testcase classname="com.testng.tests.SalesforceLoginTest" name="loginByrememberme" time="2.421"/>
  <testcase classname="com.testng.tests.SalesforceLoginTest" name="loginByForgotPassword" time="2.714"/>
  <testcase classname="com.testng.tests.SalesforceLoginTest" name="loginByInvalidPassword" time="0.505">
    <failure type="junit.framework.ComparisonFailure" message="expected:&amp;lt;Please [check your username and password. If you still can&amp;apos;t log in, contact your Salesforce administrator].&amp;gt; but was:&amp;lt;Please [enter your password].&amp;gt;">
      <![CDATA[junit.framework.ComparisonFailure: expected:<Please [check your username and password. If you still can't log in, contact your Salesforce administrator].> but was:<Please [enter your password].>
	at junit.framework.Assert.assertEquals(Assert.java:85)
	at junit.framework.Assert.assertEquals(Assert.java:91)
	at com.testng.base.BaseTest.compareText(BaseTest.java:48)
	at com.testng.tests.SalesforceLoginTest.loginByInvalidPassword(SalesforceLoginTest.java:92)
... Removed 25 stack frames]]>
    </failure>
  </testcase> <!-- loginByInvalidPassword -->
</testsuite> <!-- Login -->
