<?xml version="1.0" encoding="UTF-8"?>
<testsuite xmlns:xsi="http://www.w3.org/2001/XMLSchema-instance" xsi:schemaLocation="https://maven.apache.org/surefire/maven-surefire-plugin/xsd/surefire-test-report.xsd" name="TestSuite" time="28.308" tests="5" errors="0" skipped="0" failures="1">
  <properties>
[...]
</properties>
  <testcase name="loginerrormsg" classname="com.testng.tests.SalesforceLoginTest" time="1.408"/>
  <testcase name="loginvalid" classname="com.testng.tests.SalesforceLoginTest" time="2.949"/>
  <testcase name="loginByrememberme" classname="com.testng.tests.SalesforceLoginTest" time="2.421"/>
  <testcase name="loginByForgotPassword" classname="com.testng.tests.SalesforceLoginTest" time="2.713"/>
  <testcase name="loginByInvalidPassword" classname="com.testng.tests.SalesforceLoginTest" time="0.511">
    <failure message="expected:&lt;Please [check your username and password. If you still can&apos;t log in, contact your Salesforce administrator].&gt; but was:&lt;Please [enter your password].&gt;" type="junit.framework.ComparisonFailure"><![CDATA[junit.framework.ComparisonFailure: expected:<Please [check your username and password. If you still can't log in, contact your Salesforce administrator].> but was:<Please [enter your password].>
	at com.testng.tests.SalesforceLoginTest.loginByInvalidPassword(SalesforceLoginTest.java:92)
]]></failure>
    <system-out><![CDATA[*** Executed loginByForgotPassword test successfully...
*** Running test method loginByInvalidPassword...
]]></system-out>
    <system-err><![CDATA[Starting ChromeDriver 119.0.6045.105 (38c72552c5e15ba9b3117c0967a0fd105072d7c6-refs/branch-heads/6045@{#1103}) on port 40862
Only local connections are allowed.
Please see https://chromedriver.chromium.org/security-considerations for suggestions on keeping ChromeDriver safe.
ChromeDriver was started successfully.
Nov 21, 2023 11:32:18 PM org.openqa.selenium.remote.ProtocolHandshake createSession
INFO: Detected dialect: W3C
]]></system-err>
  </testcase>
</testsuite>