<?xml version="1.0" encoding="UTF-8"?>
<testng-results total="5" passed="4" failed="1" skipped="0">
  <reporter-output>
  </reporter-output>
  <suite started-at="2023-11-22T05:31:52Z" name="Smoke" finished-at="2023-11-22T05:32:20Z" duration-ms="27822">
    <groups>
    </groups>
    <test started-at="2023-11-22T05:31:52Z" name="Login" finished-at="2023-11-22T05:32:20Z" duration-ms="27822">
      <class name="com.testng.tests.SalesforceLoginTest">
        <test-method is-config="true" signature="beforemethod()[pri:0, instance:com.testng.tests.SalesforceLoginTest@306279ee]" started-at="2023-11-21T23:31:52Z" name="beforemethod" finished-at="2023-11-21T23:31:55Z" duration-ms="3481" status="PASS">
          <reporter-output>
          </reporter-output>
        </test-method> <!-- beforemethod -->
        <test-method signature="loginerrormsg()[pri:0, instance:com.testng.tests.SalesforceLoginTest@306279ee]" started-at="2023-11-21T23:31:55Z" name="loginerrormsg" finished-at="2023-11-21T23:31:57Z" duration-ms="1408" status="PASS">
          <reporter-output>
          </reporter-output>
        </test-method> <!-- loginerrormsg -->
        <test-method is-config="true" signature="teardown()[pri:0, instance:com.testng.tests.SalesforceLoginTest@306279ee]" started-at="2023-11-21T23:31:57Z" name="teardown" finished-at="2023-11-21T23:31:57Z" duration-ms="452" status="PASS">
          <reporter-output>
          </reporter-output>
        </test-method> <!-- teardown -->
        <test-method is-config="true" signature="beforemethod()[pri:0, instance:com.testng.tests.SalesforceLoginTest@306279ee]" started-at="2023-11-21T23:31:57Z" name="beforemethod" finished-at="2023-11-21T23:31:59Z" duration-ms="1898" status="PASS">
          <reporter-output>
          </reporter-output>
        </test-method> <!-- beforemethod -->
        <test-method signature="loginvalid()[pri:1, instance:com.testng.tests.SalesforceLoginTest@306279ee]" started-at="2023-11-21T23:31:59Z" name="loginvalid" finished-at="2023-11-21T23:32:02Z" duration-ms="2949" status="PASS">
          <reporter-output>
          </reporter-output>
        </test-method> <!-- loginvalid -->
        <test-method is-config="true" signature="teardown()[pri:0, instance:com.testng.tests.SalesforceLoginTest@306279ee]" started-at="2023-11-21T23:32:02Z" name="teardown" finished-at="2023-11-21T23:32:05Z" duration-ms="2447" status="PASS">
          <reporter-output>
          </reporter-output>
        </test-method> <!-- teardown -->
        <test-method is-config="true" signature="beforemethod()[pri:0, instance:com.testng.tests.SalesforceLoginTest@306279ee]" started-at="2023-11-21T23:32:05Z" name="beforemethod" finished-at="2023-11-21T23:32:06Z" duration-ms="1920" status="PASS">
          <reporter-output>
          </reporter-output>
        </test-method> <!-- beforemethod -->
        <test-method signature="loginByrememberme()[pri:2, instance:com.testng.tests.SalesforceLoginTest@306279ee]" started-at="2023-11-21T23:32:06Z" name="loginByrememberme" finished-at="2023-11-21T23:32:09Z" duration-ms="2421" status="PASS">
          <reporter-output>
          </reporter-output>
        </test-method> <!-- loginByrememberme -->
        <test-method is-config="true" signature="teardown()[pri:0, instance:com.testng.tests.SalesforceLoginTest@306279ee]" started-at="2023-11-21T23:32:09Z" name="teardown" finished-at="2023-11-21T23:32:12Z" duration-ms="2842" status="PASS">
          <reporter-output>
          </reporter-output>
        </test-method> <!-- teardown -->
        <test-method is-config="true" signature="beforemethod()[pri:0, instance:com.testng.tests.SalesforceLoginTest@306279ee]" started-at="2023-11-21T23:32:12Z" name="beforemethod" finished-at="2023-11-21T23:32:14Z" duration-ms="1920" status="PASS">
          <reporter-output>
          </reporter-output>
        </test-method> <!-- beforemethod -->
        <test-method signature="loginByForgotPassword()[pri:3, instance:com.testng.tests.SalesforceLoginTest@306279ee]" started-at="2023-11-21T23:32:14Z" name="loginByForgotPassword" finished-at="2023-11-21T23:32:16Z" duration-ms="2714" status="PASS">
          <reporter-output>
          </reporter-output>
        </test-method> <!-- loginByForgotPassword -->
        <test-method is-config="true" signature="teardown()[pri:0, instance:com.testng.tests.SalesforceLoginTest@306279ee]" started-at="2023-11-21T23:32:16Z" name="teardown" finished-at="2023-11-21T23:32:17Z" duration-ms="444" status="PASS">
          <reporter-output>
          </reporter-output>
        </test-method> <!-- teardown -->
        <test-method is-config="true" signature="beforemethod()[pri:0, instance:com.testng.tests.SalesforceLoginTest@306279ee]" started-at="2023-11-21T23:32:17Z" name="beforemethod" finished-at="2023-11-21T23:32:19Z" duration-ms="1974" status="PASS">
          <reporter-output>
          </reporter-output>
        </test-method> <!-- beforemethod -->
        <test-method signature="loginByInvalidPassword()[pri:4, instance:com.testng.tests.SalesforceLoginTest@306279ee]" started-at="2023-11-21T23:32:19Z" name="loginByInvalidPassword" finished-at="2023-11-21T23:32:19Z" duration-ms="505" status="FAIL">
          <exception class="junit.framework.ComparisonFailure">
            <message>
              <![CDATA[expected:<Please [check your username and password. If you still can't log in, contact your Salesforce administrator].> but was:<Please [enter your password].>]]>
            </message>
            <full-stacktrace>
              <![CDATA[junit.framework.ComparisonFailure: expected:<Please [check your username and password. If you still can't log in, contact your Salesforce administrator].> but was:<Please [enter your password].>
	at junit.framework.Assert.assertEquals(Assert.java:85)
	at junit.framework.Assert.assertEquals(Assert.java:91)
	at com.testng.base.BaseTest.compareText(BaseTest.java:48)
	at com.testng.tests.SalesforceLoginTest.loginByInvalidPassword(SalesforceLoginTest.java:92)
	at java.base/jdk.internal.reflect.DirectMethodHandleAccessor.invoke(DirectMethodHandleAccessor.java:104)
	at java.base/java.lang.reflect.Method.invoke(Method.java:578)
	at org.testng.internal.MethodInvocationHelper.invokeMethod(MethodInvocationHelper.java:85)
	at org.testng.internal.Invoker.invokeMethod(Invoker.java:639)
	at org.testng.internal.Invoker.invokeTestMethod(Invoker.java:816)
	at org.testng.internal.Invoker.invokeTestMethods(Invoker.java:1124)
	at org.testng.internal.TestMethodWorker.invokeTestMethods(TestMethodWorker.java:125)
	at org.testng.internal.TestMethodWorker.run(TestMethodWorker.java:108)
	at org.testng.TestRunner.privateRun(TestRunner.java:774)
	at org.testng.TestRunner.run(TestRunner.java:624)
	at org.testng.SuiteRunner.runTest(SuiteRunner.java:359)
	at org.testng.SuiteRunner.runSequentially(SuiteRunner.java:354)
	at org.testng.SuiteRunner.privateRun(SuiteRunner.java:312)
	at org.testng.SuiteRunner.run(SuiteRunner.java:261)
	at org.testng.SuiteRunnerWorker.runSuite(SuiteRunnerWorker.java:52)
	at org.testng.SuiteRunnerWorker.run(SuiteRunnerWorker.java:86)
	at org.testng.TestNG.runSuitesSequentially(TestNG.java:1215)
	at org.testng.TestNG.runSuitesLocally(TestNG.java:1140)
	at org.testng.TestNG.run(TestNG.java:1048)
	at org.apache.maven.surefire.testng.TestNGExecutor.run(TestNGExecutor.java:282)
	at org.apache.maven.surefire.testng.TestNGXmlTestSuite.execute(TestNGXmlTestSuite.java:83)
	at org.apache.maven.surefire.testng.TestNGProvider.invoke(TestNGProvider.java:114)
	at org.apache.maven.surefire.booter.ForkedBooter.invokeProviderInSameClassLoader(ForkedBooter.java:286)
	at org.apache.maven.surefire.booter.ForkedBooter.runSuitesInProcess(ForkedBooter.java:240)
	at org.apache.maven.surefire.booter.ForkedBooter.main(ForkedBooter.java:121)
]]>
            </full-stacktrace>
          </exception> <!-- junit.framework.ComparisonFailure -->
          <reporter-output>
          </reporter-output>
        </test-method> <!-- loginByInvalidPassword -->
        <test-method is-config="true" signature="teardown()[pri:0, instance:com.testng.tests.SalesforceLoginTest@306279ee]" started-at="2023-11-21T23:32:19Z" name="teardown" finished-at="2023-11-21T23:32:20Z" duration-ms="428" status="PASS">
          <reporter-output>
          </reporter-output>
        </test-method> <!-- teardown -->
      </class> <!-- com.testng.tests.SalesforceLoginTest -->
    </test> <!-- Login -->
  </suite> <!-- Smoke -->
</testng-results>
