<?xml version="1.0" encoding="UTF-8"?>
<!-- Generated by org.testng.reporters.JUnitXMLReporter -->
<testsuite hostname="Ganeshs-MacBook-Pro.local" failures="0" tests="5" name="CreateAccount" time="46.325" errors="0" timestamp="26 Nov 2023 08:58:29 GMT">
  <testcase classname="com.testng.tests.SalesforceCreateAccountTest" name="createNewAccount" time="6.184"/>
  <testcase classname="com.testng.tests.SalesforceCreateAccountTest" name="createNewView" time="6.392"/>
  <testcase classname="com.testng.tests.SalesforceCreateAccountTest" name="editView" time="6.136"/>
  <testcase classname="com.testng.tests.SalesforceCreateAccountTest" name="mergeAccounts" time="5.73"/>
  <testcase classname="com.testng.tests.SalesforceCreateAccountTest" name="CreateAccountReport" time="5.868"/>
</testsuite> <!-- CreateAccount -->
