<?xml version="1.0" encoding="UTF-8"?>
<!-- Generated by org.testng.reporters.JUnitXMLReporter -->
<testsuite hostname="Ganeshs-MacBook-Pro.local" failures="0" tests="8" name="Login" time="64.131" errors="0" timestamp="26 Nov 2023 08:19:49 GMT">
  <testcase classname="com.testng.tests.SalesforceContactsTest" name="crreateNewContact" time="7.951"/>
  <testcase classname="com.testng.tests.SalesforceContactsTest" name="createNewViewInContact" time="6.56"/>
  <testcase classname="com.testng.tests.SalesforceContactsTest" name="recentlyCreatedContact" time="4.422"/>
  <testcase classname="com.testng.tests.SalesforceContactsTest" name="myContacts" time="4.741"/>
  <testcase classname="com.testng.tests.SalesforceContactsTest" name="viewContacts" time="5.335"/>
  <testcase classname="com.testng.tests.SalesforceContactsTest" name="checkErrorMessage" time="5.034"/>
  <testcase classname="com.testng.tests.SalesforceContactsTest" name="checkCancelButton" time="4.852"/>
  <testcase classname="com.testng.tests.SalesforceContactsTest" name="checkSaveandNewButton" time="4.602"/>
</testsuite> <!-- Login -->
