<?xml version="1.0" encoding="UTF-8"?>
<!-- Generated by org.testng.reporters.JUnitXMLReporter -->
<testsuite hostname="Ganeshs-MacBook-Pro.local" failures="0" tests="5" name="Oppurtunities" time="61.782" errors="0" timestamp="4 Dec 2023 04:34:48 GMT">
  <testcase classname="com.testng.tests.SalesforceRandomSceneriosTest" name="checkFirstAndLastName" time="6.25"/>
  <testcase classname="com.testng.tests.SalesforceRandomSceneriosTest" name="verifyEditedName" time="9.399"/>
  <testcase classname="com.testng.tests.SalesforceRandomSceneriosTest" name="TabCustomization" time="13.311"/>
  <testcase classname="com.testng.tests.SalesforceRandomSceneriosTest" name="BlockACalendarEvent" time="6.871"/>
  <testcase classname="com.testng.tests.SalesforceRandomSceneriosTest" name="BlockACalendarEventWithRecurrence" time="8.056"/>
</testsuite> <!-- Oppurtunities -->
