<?xml version="1.0" encoding="UTF-8"?>
<!-- Generated by org.testng.reporters.JUnitXMLReporter -->
<testsuite hostname="Ganeshs-MacBook-Pro.local" failures="0" tests="5" name="UserMenu" time="87.837" errors="0" timestamp="10 Dec 2023 06:44:15 GMT">
  <testcase classname="com.testng.tests.SalesforceUserMenuTest" name="loginvalid" time="6.403"/>
  <testcase classname="com.testng.tests.SalesforceUserMenuTest" name="SelectMyProfileOptionFromUsermenu" time="37.373"/>
  <testcase classname="com.testng.tests.SalesforceUserMenuTest" name="SelectMySettingsOptionFromUsermenu" time="16.331"/>
  <testcase classname="com.testng.tests.SalesforceUserMenuTest" name="SelectDeveloperConsoleOptionFromUsermenu" time="6.824"/>
  <testcase classname="com.testng.tests.SalesforceUserMenuTest" name="SelectLogoutOptionFromUsermenu" time="6.732"/>
</testsuite> <!-- UserMenu -->
